<?xml version="1.0" encoding="UTF-8" ?>
<testsuite errors="0" failures="0" hostname="cwk-PC" name="test.hk.ust.cse.TwitterClient.UtilsTest" tests="6" time="1.026" timestamp="2013-04-05T14:47:18">
  <properties>
    <property name="java.vendor" value="Oracle Corporation" />
    <property name="target-jar" value="hk.ust.cse.TwitterClient.jar" />
    <property name="sun.java.launcher" value="SUN_STANDARD" />
    <property name="sun.management.compiler" value="HotSpot Client Compiler" />
    <property name="os.name" value="Windows 7" />
    <property name="sun.boot.class.path" value="C:\Program Files\Java\jdk1.7.0_02\jre\lib\resources.jar;C:\Program Files\Java\jdk1.7.0_02\jre\lib\rt.jar;C:\Program Files\Java\jdk1.7.0_02\jre\lib\sunrsasign.jar;C:\Program Files\Java\jdk1.7.0_02\jre\lib\jsse.jar;C:\Program Files\Java\jdk1.7.0_02\jre\lib\jce.jar;C:\Program Files\Java\jdk1.7.0_02\jre\lib\charsets.jar;C:\Program Files\Java\jdk1.7.0_02\jre\classes" />
    <property name="sun.desktop" value="windows" />
    <property name="java.vm.specification.vendor" value="Oracle Corporation" />
    <property name="net.sourceforge.cobertura.datafile" value="D:\Study\Java\Workplace\TwitterClient\report\instrumented\cobertura.ser" />
    <property name="ant.home" value="D:\Program Files\apache-ant-1.8.4" />
    <property name="java.runtime.version" value="1.7.0_02-b13" />
    <property name="cobertura-dir" value="D:\Study\Java\Workplace\TwitterClient\report\cobertura" />
    <property name="cobertura-html-dir" value="D:\Study\Java\Workplace\TwitterClient\report\cobertura\html" />
    <property name="user.name" value="cwk" />
    <property name="user.language" value="zh" />
    <property name="sun.boot.library.path" value="C:\Program Files\Java\jdk1.7.0_02\jre\bin" />
    <property name="ant.project.default-target" value="all" />
    <property name="java.version" value="1.7.0_02" />
    <property name="user.timezone" value="" />
    <property name="sun.arch.data.model" value="32" />
    <property name="java.endorsed.dirs" value="C:\Program Files\Java\jdk1.7.0_02\jre\lib\endorsed" />
    <property name="sun.cpu.isalist" value="pentium_pro+mmx pentium_pro pentium+mmx pentium i486 i386 i86" />
    <property name="sun.jnu.encoding" value="GBK" />
    <property name="file.encoding.pkg" value="sun.io" />
    <property name="file.separator" value="\" />
    <property name="java.specification.name" value="Java Platform API Specification" />
    <property name="java.class.version" value="51.0" />
    <property name="user.country" value="CN" />
    <property name="java.home" value="C:\Program Files\Java\jdk1.7.0_02\jre" />
    <property name="java.vm.info" value="mixed mode, sharing" />
    <property name="ant.file" value="D:\Study\Java\Workplace\TwitterClient\build.xml" />
    <property name="os.version" value="6.1" />
    <property name="report-dir" value="D:\Study\Java\Workplace\TwitterClient\report" />
    <property name="path.separator" value=";" />
    <property name="java.vm.version" value="22.0-b10" />
    <property name="user.variant" value="" />
    <property name="ant.library.dir" value="D:\Program Files\apache-ant-1.8.4\lib" />
    <property name="java.awt.printerjob" value="sun.awt.windows.WPrinterJob" />
    <property name="sun.io.unicode.encoding" value="UnicodeLittle" />
    <property name="awt.toolkit" value="sun.awt.windows.WToolkit" />
    <property name="user.script" value="" />
    <property name="user.home" value="C:\Users\cwk" />
    <property name="test-dir" value="D:\Study\Java\Workplace\TwitterClient\test" />
    <property name="junit-dir" value="D:\Study\Java\Workplace\TwitterClient\report\junit" />
    <property name="java.specification.vendor" value="Oracle Corporation" />
    <property name="java.library.path" value="C:\Program Files\Java\jdk1.7.0_02\jre\bin;C:\windows\Sun\Java\bin;C:\windows\system32;C:\windows;C:\Program Files\NVIDIA Corporation\PhysX\Common;C:\Program Files\AMD APP\bin\x86;C:\windows\system32;C:\windows;C:\windows\System32\Wbem;C:\windows\System32\WindowsPowerShell\v1.0\;C:\Program Files\ATI Technologies\ATI.ACE\Core-Static;C:\Program Files\Lenovo\Bluetooth Software\;D:\Program Files\MATLAB\R2012b\runtime\win32;D:\Program Files\MATLAB\R2012b\bin;D:\Program Files\apache-ant-1.8.4\bin;C:\Program Files\Java\jdk1.7.0_02\bin;;." />
    <property name="java.vendor.url" value="http://java.oracle.com/" />
    <property name="swt.library" value="swt-4.2.1-win32-win32-x86.jar" />
    <property name="java.vm.vendor" value="Oracle Corporation" />
    <property name="cobertura-xml-dir" value="D:\Study\Java\Workplace\TwitterClient\report\cobertura\xml" />
    <property name="java.runtime.name" value="Java(TM) SE Runtime Environment" />
    <property name="sun.java.command" value="org.apache.tools.ant.taskdefs.optional.junit.JUnitTestRunner test.hk.ust.cse.TwitterClient.UtilsTest filtertrace=true haltOnError=false haltOnFailure=false formatter=org.apache.tools.ant.taskdefs.optional.junit.SummaryJUnitResultFormatter showoutput=false outputtoformatters=true logfailedtests=true logtestlistenerevents=false formatter=org.apache.tools.ant.taskdefs.optional.junit.XMLJUnitResultFormatter,D:\Study\Java\Workplace\TwitterClient\report\junit\xml\TEST-test.hk.ust.cse.TwitterClient.UtilsTest.xml crashfile=D:\Study\Java\Workplace\TwitterClient\junitvmwatcher2816156756962443025.properties propsfile=D:\Study\Java\Workplace\TwitterClient\junit4210884673152736374.properties" />
    <property name="java.class.path" value="D:\Study\Java\Workplace\TwitterClient\report\instrumented;D:\Study\Java\Workplace\TwitterClient\bin;D:\Study\Java\Workplace\TwitterClient\lib\com.ibm.icu_4.4.2.v20110823.jar;D:\Study\Java\Workplace\TwitterClient\lib\junit-4.4.jar;D:\Study\Java\Workplace\TwitterClient\lib\org.eclipse.core.commands_3.6.1.v20120814-150512.jar;D:\Study\Java\Workplace\TwitterClient\lib\org.eclipse.core.runtime_3.8.0.v20120521-2346.jar;D:\Study\Java\Workplace\TwitterClient\lib\org.eclipse.equinox.common_3.6.100.v20120522-1841.jar;D:\Study\Java\Workplace\TwitterClient\lib\org.eclipse.equinox.registry_3.5.200.v20120522-1841.jar;D:\Study\Java\Workplace\TwitterClient\lib\org.eclipse.jface.text_3.8.1.v20120828-155502.jar;D:\Study\Java\Workplace\TwitterClient\lib\org.eclipse.jface_3.8.101.v20120817-083647.jar;D:\Study\Java\Workplace\TwitterClient\lib\org.eclipse.osgi_3.8.1.v20120830-144521.jar;D:\Study\Java\Workplace\TwitterClient\lib\org.eclipse.text_3.5.200.v20120523-1310.jar;D:\Study\Java\Workplace\TwitterClient\lib\org.eclipse.ui.forms_3.5.200.v20120705-114351.jar;D:\Study\Java\Workplace\TwitterClient\lib\org.eclipse.ui.workbench_3.103.1.v20120906-120042.jar;D:\Study\Java\Workplace\TwitterClient\lib\twitter4j-async-3.0.3.jar;D:\Study\Java\Workplace\TwitterClient\lib\twitter4j-core-3.0.3.jar;D:\Study\Java\Workplace\TwitterClient\lib\swt-4.2.1-win32-win32-x86.jar;D:\Study\Java\Workplace\TwitterClient\lib-test\asm-3.0.jar;D:\Study\Java\Workplace\TwitterClient\lib-test\asm-tree-3.0.jar;D:\Study\Java\Workplace\TwitterClient\lib-test\cobertura.jar;D:\Study\Java\Workplace\TwitterClient\lib-test\jakarta-oro-2.0.8.jar;D:\Study\Java\Workplace\TwitterClient\lib-test\junit-4.4.jar;D:\Study\Java\Workplace\TwitterClient\lib-test\log4j-1.2.9.jar;D:\Program Files\apache-ant-1.8.4\lib\ant-launcher.jar;D:\Program Files\apache-ant-1.8.4\lib\ant.jar;D:\Program Files\apache-ant-1.8.4\lib\ant-junit.jar;D:\Program Files\apache-ant-1.8.4\lib\ant-junit4.jar" />
    <property name="ant.version" value="Apache Ant(TM) version 1.8.4 compiled on May 22 2012" />
    <property name="junit-html-dir" value="D:\Study\Java\Workplace\TwitterClient\report\junit\html" />
    <property name="base-dir" value="D:\Study\Java\Workplace\TwitterClient" />
    <property name="java.vm.specification.name" value="Java Virtual Machine Specification" />
    <property name="ant.file.type" value="file" />
    <property name="java.vm.specification.version" value="1.7" />
    <property name="sun.cpu.endian" value="little" />
    <property name="sun.os.patch.level" value="Service Pack 1" />
    <property name="java.io.tmpdir" value="C:\Users\cwk\AppData\Local\Temp\" />
    <property name="lib-test-dir" value="D:\Study\Java\Workplace\TwitterClient\lib-test" />
    <property name="java.vendor.url.bug" value="http://bugreport.sun.com/bugreport/" />
    <property name="instrumented-dir" value="D:\Study\Java\Workplace\TwitterClient\report\instrumented" />
    <property name="os.arch" value="x86" />
    <property name="java.awt.graphicsenv" value="sun.awt.Win32GraphicsEnvironment" />
    <property name="java.ext.dirs" value="C:\Program Files\Java\jdk1.7.0_02\jre\lib\ext;C:\windows\Sun\Java\lib\ext" />
    <property name="user.dir" value="D:\Study\Java\Workplace\TwitterClient" />
    <property name="junit-xml-dir" value="D:\Study\Java\Workplace\TwitterClient\report\junit\xml" />
    <property name="instrument-file" value="D:\Study\Java\Workplace\TwitterClient\report\instrumented\cobertura.ser" />
    <property name="line.separator" value="&#xd;&#xa;" />
    <property name="java.vm.name" value="Java HotSpot(TM) Client VM" />
    <property name="basedir" value="D:\Study\Java\Workplace\TwitterClient" />
    <property name="ant.java.version" value="1.7" />
    <property name="ant.core.lib" value="D:\Program Files\apache-ant-1.8.4\lib\ant.jar" />
    <property name="file.encoding" value="GBK" />
    <property name="XstartOnFirstThread" value="" />
    <property name="src-dir" value="D:\Study\Java\Workplace\TwitterClient\src" />
    <property name="out-dir" value="D:\Study\Java\Workplace\TwitterClient\bin" />
    <property name="java.specification.version" value="1.7" />
    <property name="ant.project.invoked-targets" value="coverage" />
    <property name="lib-dir" value="D:\Study\Java\Workplace\TwitterClient\lib" />
  </properties>
  <testcase classname="test.hk.ust.cse.TwitterClient.UtilsTest" name="testLoadImageFromUrl" time="0.002" />
  <testcase classname="test.hk.ust.cse.TwitterClient.UtilsTest" name="testAddClickListener" time="0.267" />
  <testcase classname="test.hk.ust.cse.TwitterClient.UtilsTest" name="testIsNullOrEmpty" time="0.0" />
  <testcase classname="test.hk.ust.cse.TwitterClient.UtilsTest" name="testCutRoundCorner" time="0.047" />
  <testcase classname="test.hk.ust.cse.TwitterClient.UtilsTest" name="testGetColorFromString" time="0.0" />
  <testcase classname="test.hk.ust.cse.TwitterClient.UtilsTest" name="testSelectImageVersion" time="0.613" />
  <system-out><![CDATA[]]></system-out>
  <system-err><![CDATA[]]></system-err>
</testsuite>
